<?xml version="1.0" encoding="UTF-8"?>
<testsuite xmlns:xsi="http://www.w3.org/2001/XMLSchema-instance" xsi:noNamespaceSchemaLocation="https://maven.apache.org/surefire/maven-surefire-plugin/xsd/surefire-test-report-3.0.xsd" version="3.0" name="com.ShortURLEndpointsTest" time="0.097" tests="6" errors="0" skipped="0" failures="0">
  <properties>
    <property name="sun.desktop" value="windows"/>
    <property name="awt.toolkit" value="sun.awt.windows.WToolkit"/>
    <property name="java.specification.version" value="11"/>
    <property name="sun.cpu.isalist" value="amd64"/>
    <property name="sun.jnu.encoding" value="Cp1252"/>
    <property name="java.class.path" value="C:\Users\AABYRNE\Documents\Personal\ShortUrlProject\ShortUrl\target\test-classes;C:\Users\AABYRNE\Documents\Personal\ShortUrlProject\ShortUrl\target\classes;C:\Users\AABYRNE\.m2\repository\org\json\json\20190722\json-20190722.jar;C:\Users\AABYRNE\.m2\repository\org\slf4j\slf4j-api\1.7.5\slf4j-api-1.7.5.jar;C:\Users\AABYRNE\.m2\repository\org\slf4j\slf4j-simple\1.7.5\slf4j-simple-1.7.5.jar;C:\Users\AABYRNE\.m2\repository\junit\junit\4.13.2\junit-4.13.2.jar;C:\Users\AABYRNE\.m2\repository\org\hamcrest\hamcrest-core\1.3\hamcrest-core-1.3.jar;"/>
    <property name="java.vm.vendor" value="Oracle Corporation"/>
    <property name="sun.arch.data.model" value="64"/>
    <property name="user.variant" value=""/>
    <property name="java.vendor.url" value="https://openjdk.java.net/"/>
    <property name="user.timezone" value="Europe/London"/>
    <property name="java.vm.specification.version" value="11"/>
    <property name="os.name" value="Windows 10"/>
    <property name="sun.java.launcher" value="SUN_STANDARD"/>
    <property name="user.country" value="GB"/>
    <property name="sun.boot.library.path" value="C:\Program Files\Java\jdk-11.0.9\bin"/>
    <property name="sun.java.command" value="C:\Users\AABYRNE\AppData\Local\Temp\surefire12885517845466284055\surefirebooter10871647319020126656.jar C:\Users\AABYRNE\AppData\Local\Temp\surefire12885517845466284055 2022-08-22T16-07-51_297-jvmRun1 surefire16373380386630396731tmp surefire_012432807952256212730tmp"/>
    <property name="jdk.debug" value="release"/>
    <property name="surefire.test.class.path" value="C:\Users\AABYRNE\Documents\Personal\ShortUrlProject\ShortUrl\target\test-classes;C:\Users\AABYRNE\Documents\Personal\ShortUrlProject\ShortUrl\target\classes;C:\Users\AABYRNE\.m2\repository\org\json\json\20190722\json-20190722.jar;C:\Users\AABYRNE\.m2\repository\org\slf4j\slf4j-api\1.7.5\slf4j-api-1.7.5.jar;C:\Users\AABYRNE\.m2\repository\org\slf4j\slf4j-simple\1.7.5\slf4j-simple-1.7.5.jar;C:\Users\AABYRNE\.m2\repository\junit\junit\4.13.2\junit-4.13.2.jar;C:\Users\AABYRNE\.m2\repository\org\hamcrest\hamcrest-core\1.3\hamcrest-core-1.3.jar;"/>
    <property name="sun.cpu.endian" value="little"/>
    <property name="user.home" value="C:\Users\AABYRNE"/>
    <property name="user.language" value="en"/>
    <property name="java.specification.vendor" value="Oracle Corporation"/>
    <property name="java.version.date" value="2020-10-20"/>
    <property name="java.home" value="C:\Program Files\Java\jdk-11.0.9"/>
    <property name="file.separator" value="\"/>
    <property name="basedir" value="C:\Users\AABYRNE\Documents\Personal\ShortUrlProject\ShortUrl"/>
    <property name="java.vm.compressedOopsMode" value="Zero based"/>
    <property name="line.separator" value="&#10;"/>
    <property name="java.specification.name" value="Java Platform API Specification"/>
    <property name="java.vm.specification.vendor" value="Oracle Corporation"/>
    <property name="java.awt.graphicsenv" value="sun.awt.Win32GraphicsEnvironment"/>
    <property name="surefire.real.class.path" value="C:\Users\AABYRNE\AppData\Local\Temp\surefire12885517845466284055\surefirebooter10871647319020126656.jar"/>
    <property name="user.script" value=""/>
    <property name="sun.management.compiler" value="HotSpot 64-Bit Tiered Compilers"/>
    <property name="java.runtime.version" value="11.0.9+7-LTS"/>
    <property name="user.name" value="AABYRNE"/>
    <property name="path.separator" value=";"/>
    <property name="os.version" value="10.0"/>
    <property name="java.runtime.name" value="Java(TM) SE Runtime Environment"/>
    <property name="file.encoding" value="Cp1252"/>
    <property name="java.vm.name" value="Java HotSpot(TM) 64-Bit Server VM"/>
    <property name="java.vendor.version" value="18.9"/>
    <property name="localRepository" value="C:\Users\AABYRNE\.m2\repository"/>
    <property name="java.vendor.url.bug" value="https://bugreport.java.com/bugreport/"/>
    <property name="java.io.tmpdir" value="C:\Users\AABYRNE\AppData\Local\Temp\"/>
    <property name="java.version" value="11.0.9"/>
    <property name="user.dir" value="C:\Users\AABYRNE\Documents\Personal\ShortUrlProject\ShortUrl"/>
    <property name="os.arch" value="amd64"/>
    <property name="java.vm.specification.name" value="Java Virtual Machine Specification"/>
    <property name="java.awt.printerjob" value="sun.awt.windows.WPrinterJob"/>
    <property name="sun.os.patch.level" value=""/>
    <property name="java.library.path" value="C:\Program Files\Java\jdk-11.0.9\bin;C:\WINDOWS\Sun\Java\bin;C:\WINDOWS\system32;C:\WINDOWS;C:\app\AABYRNE\product\21c\dbhomeXE\bin;C:\Program Files\Java\jdk-11.0.9\bin;C:\Program Files\Common Files\Oracle\Java\javapath;C:\Program Files (x86)\Common Files\Oracle\Java\javapath;C:\WINDOWS\system32;C:\WINDOWS;C:\WINDOWS\System32\Wbem;C:\WINDOWS\System32\WindowsPowerShell\v1.0\;C:\WINDOWS\System32\OpenSSH\;C:\Program Files\Git\cmd;C:\Program Files\PuTTY\;C:\Work\redis\redis;C:\Program Files\GraalVM\graalvm-ee-java17-22.1.0\bin;C:\Program Files\Docker\Docker\resources\bin;C:\ProgramData\DockerDesktop\version-bin;C:\Users\AABYRNE\AppData\Local\Microsoft\WindowsApps;C:\Users\AABYRNE\Apps\Maven\apache-maven-3.6.3\bin;;."/>
    <property name="java.vendor" value="Oracle Corporation"/>
    <property name="java.vm.info" value="mixed mode"/>
    <property name="java.vm.version" value="11.0.9+7-LTS"/>
    <property name="sun.io.unicode.encoding" value="UnicodeLittle"/>
    <property name="java.class.version" value="55.0"/>
  </properties>
  <testcase name="testGetUrlNotInRepository" classname="com.ShortURLEndpointsTest" time="0.034">
    <system-err><![CDATA[[main] INFO com.ShortURLEndpoints - Querying id: someRandomId
[main] INFO com.ShortURLEndpoints - No resource found for given request.
]]></system-err>
  </testcase>
  <testcase name="testGetUrlFromShortUrlId" classname="com.ShortURLEndpointsTest" time="0.003">
    <system-err><![CDATA[[main] INFO com.ShortURLEndpoints - Querying id: b
]]></system-err>
  </testcase>
  <testcase name="testPostShortUrlWithNoUrlProperty" classname="com.ShortURLEndpointsTest" time="0"/>
  <testcase name="testGetUrlInvalidCharacter" classname="com.ShortURLEndpointsTest" time="0"/>
  <testcase name="testPostShortUrl" classname="com.ShortURLEndpointsTest" time="0"/>
  <testcase name="testPostShortUrlWithNonStringUrl" classname="com.ShortURLEndpointsTest" time="0"/>
</testsuite>